<?xml version="1.0" encoding="UTF-8"?>
<!-- Generated by org.testng.reporters.JUnitReportReporter -->
<testsuite hostname="LAPTOP-JN14MK7D" failures="0" tests="6" name="Chapters.Chapter01.FirstChapterTests" time="5.632" errors="0" timestamp="2023-07-08T10:09:59 EDT" skipped="0">
  <testcase classname="Chapters.Chapter01.FirstChapterTests" name="sendAGETRequestAndStoreTheResponse" time="0.241"/>
  <testcase classname="Chapters.Chapter01.FirstChapterTests" name="sendAGETRequestAndValidateResponse" time="0.300"/>
  <testcase classname="Chapters.Chapter01.FirstChapterTests" name="testPetstoreAPI" time="2.932"/>
  <testcase classname="Chapters.Chapter01.FirstChapterTests" name="sendAGETRequestByPassingQueryParameterInURL" time="0.277"/>
  <testcase classname="Chapters.Chapter01.FirstChapterTests" name="sendAGETRequestAndRetrieveValueFromBody" time="0.309"/>
  <testcase classname="Chapters.Chapter01.FirstChapterTests" name="inspectAllNodesInResponse" time="1.573"/>
</testsuite> <!-- Chapters.Chapter01.FirstChapterTests -->
