<?xml version="1.0" encoding="UTF-8"?>
<!-- Generated by org.testng.reporters.JUnitReportReporter -->
<testsuite hostname="LAPTOP-JN14MK7D" failures="0" tests="1" name="Chapters.Chapter03.ThirdChapterTests" time="1.216" errors="0" timestamp="2023-07-07T22:22:43 EDT" skipped="0">
  <testcase classname="Chapters.Chapter03.ThirdChapterTests" name="sendAPOSTRequestAndValidateTheResponseCode" time="1.216"/>
</testsuite> <!-- Chapters.Chapter03.ThirdChapterTests -->
