<?xml version="1.0" encoding="UTF-8"?>
<!-- Generated by org.testng.reporters.JUnitReportReporter -->
<testsuite hostname="LAPTOP-JN14MK7D" failures="0" tests="1" name="Chapters.Chapter05.FifthChapterTests" time="0.505" errors="0" timestamp="2023-07-07T22:22:43 EDT" skipped="0">
  <testcase classname="Chapters.Chapter05.FifthChapterTests" name="chainingRequestsAndValidatingTheResponse" time="0.505"/>
</testsuite> <!-- Chapters.Chapter05.FifthChapterTests -->
